<?xml version="1.0" encoding="UTF-8"?>
<!-- Generated by org.testng.reporters.JUnitReportReporter -->
<testsuite skipped="0" hostname="DESKTOP-4LJEO71" name="Day23_TestNGSession.First_Test" tests="3" failures="0" timestamp="2020-11-14T12:31:47 PST" time="0.005" errors="0">
  <testcase name="setUp" time="0.004" classname="Day23_TestNGSession.First_Test"/>
  <system-out/>
  <testcase name="loginTest" time="0.001" classname="Day23_TestNGSession.First_Test"/>
  <system-out/>
  <testcase name="tearDown" time="0.000" classname="Day23_TestNGSession.First_Test"/>
  <system-out/>
</testsuite> <!-- Day23_TestNGSession.First_Test -->
