<?xml version="1.0" encoding="UTF-8"?>
<!-- Generated by org.testng.reporters.JUnitReportReporter -->
<testsuite skipped="0" hostname="DESKTOP-E4SG70C" name="AssignmentPOM.RegistrationPageTest" tests="2" failures="0" timestamp="14 Apr 2020 19:04:37 GMT" time="3.999" errors="0">
  <testcase name="registrationPageTest" time="3.954" classname="AssignmentPOM.RegistrationPageTest"/>
  <testcase name="verificationOfRegistration" time="0.045" classname="AssignmentPOM.RegistrationPageTest"/>
</testsuite> <!-- AssignmentPOM.RegistrationPageTest -->
