<?xml version="1.0" encoding="UTF-8"?>
<!-- Generated by org.testng.reporters.JUnitReportReporter -->
<testsuite skipped="0" hostname="DESKTOP-4LJEO71" name="extendreports.LoginTest" tests="4" failures="0" timestamp="2021-01-28T16:39:06 CST" time="7.684" errors="0">
  <testcase name="loginTest" time="4.389" classname="extendreports.LoginTest"/>
  <system-out/>
  <testcase name="adminNameTest" time="0.136" classname="extendreports.LoginTest"/>
  <system-out/>
  <testcase name="clickOnViewAllOrders" time="1.143" classname="extendreports.LoginTest"/>
  <system-out/>
  <testcase name="logOutTest" time="2.016" classname="extendreports.LoginTest"/>
  <system-out/>
</testsuite> <!-- extendreports.LoginTest -->
