<?xml version="1.0" encoding="UTF-8"?>
<!-- Generated by org.testng.reporters.JUnitReportReporter -->
<testsuite skipped="0" hostname="DESKTOP-4LJEO71" name="Day24TestNG.GroupingTest" tests="9" failures="0" timestamp="2020-11-14T12:53:14 PST" time="0.015" errors="0">
  <testcase name="paymentInDollars" time="0.002" classname="Day24TestNG.GroupingTest"/>
  <system-out/>
  <testcase name="loginByEmail" time="0.001" classname="Day24TestNG.GroupingTest"/>
  <system-out/>
  <testcase name="paymentReturnByBank" time="0.002" classname="Day24TestNG.GroupingTest"/>
  <system-out/>
  <testcase name="loginByFacebook" time="0.002" classname="Day24TestNG.GroupingTest"/>
  <system-out/>
  <testcase name="paymentInRupees" time="0.001" classname="Day24TestNG.GroupingTest"/>
  <system-out/>
  <testcase name="signUpByEmail" time="0.002" classname="Day24TestNG.GroupingTest"/>
  <system-out/>
  <testcase name="loginByTwitter" time="0.001" classname="Day24TestNG.GroupingTest"/>
  <system-out/>
  <testcase name="signUpByTwitter" time="0.002" classname="Day24TestNG.GroupingTest"/>
  <system-out/>
  <testcase name="signUpByFacebook" time="0.002" classname="Day24TestNG.GroupingTest"/>
  <system-out/>
</testsuite> <!-- Day24TestNG.GroupingTest -->
