<?xml version="1.0" encoding="UTF-8"?>
<!-- Generated by org.testng.reporters.JUnitReportReporter -->
<testsuite skipped="0" hostname="DESKTOP-4LJEO71" name="Day24TestNG.pack1.Test2" tests="2" failures="0" timestamp="2021-01-27T16:04:56 CST" time="0.004" errors="0">
  <testcase name="m3" time="0.003" classname="Day24TestNG.pack1.Test2"/>
  <system-out/>
  <testcase name="m4" time="0.001" classname="Day24TestNG.pack1.Test2"/>
  <system-out/>
</testsuite> <!-- Day24TestNG.pack1.Test2 -->
