<?xml version="1.0" encoding="UTF-8"?>
<!-- Generated by org.testng.reporters.JUnitReportReporter -->
<testsuite skipped="0" hostname="DESKTOP-4LJEO71" name="Day25TestNG_Parameters.Parameterization" tests="3" failures="0" timestamp="2020-11-14T15:35:34 PST" time="1.559" errors="0">
  <testcase name="lauchingUrl" time="0.214" classname="Day25TestNG_Parameters.Parameterization"/>
  <system-out/>
  <testcase name="logoPresentTest" time="0.092" classname="Day25TestNG_Parameters.Parameterization"/>
  <system-out/>
  <testcase name="logintitleTest" time="1.253" classname="Day25TestNG_Parameters.Parameterization"/>
  <system-out/>
</testsuite> <!-- Day25TestNG_Parameters.Parameterization -->
