<?xml version="1.0" encoding="UTF-8"?>
<!-- Generated by org.testng.reporters.JUnitReportReporter -->
<testsuite skipped="0" hostname="DESKTOP-4LJEO71" name="Grid.LoginTestInGrid" tests="2" failures="0" timestamp="2021-03-18T19:18:54 CDT" time="11.472" errors="0">
  <testcase name="setUp" time="2.445" classname="Grid.LoginTestInGrid"/>
  <system-out/>
  <testcase name="login" time="9.027" classname="Grid.LoginTestInGrid"/>
  <system-out/>
</testsuite> <!-- Grid.LoginTestInGrid -->
