<?xml version="1.0" encoding="UTF-8"?>
<!-- Generated by org.testng.reporters.JUnitReportReporter -->
<testsuite skipped="0" hostname="DESKTOP-4LJEO71" name="Day24TestNG.Annotation2" tests="3" failures="0" timestamp="2020-11-14T12:57:24 PST" time="0.008" errors="0">
  <testcase name="searchTest" time="0.006" classname="Day24TestNG.Annotation2"/>
  <system-out/>
  <testcase name="advSearchTest" time="0.001" classname="Day24TestNG.Annotation2"/>
  <system-out/>
  <testcase name="rechargeTest" time="0.001" classname="Day24TestNG.Annotation2"/>
  <system-out/>
</testsuite> <!-- Day24TestNG.Annotation2 -->
