<?xml version="1.0" encoding="UTF-8"?>
<!-- Generated by org.testng.reporters.JUnitReportReporter -->
<testsuite skipped="0" hostname="DESKTOP-4LJEO71" name="Grid.LoginTestInGrid" tests="2" failures="0" timestamp="2021-02-04T20:40:57 CST" time="8.614" errors="0">
  <testcase name="setUp" time="3.801" classname="Grid.LoginTestInGrid"/>
  <system-out/>
  <testcase name="login" time="4.813" classname="Grid.LoginTestInGrid"/>
  <system-out/>
</testsuite> <!-- Grid.LoginTestInGrid -->
