<?xml version="1.0" encoding="UTF-8"?>
<!-- Generated by org.testng.reporters.JUnitReportReporter -->
<testsuite skipped="0" hostname="DESKTOP-4LJEO71" name="Day24TestNG.Annotation1" tests="3" failures="0" timestamp="2020-11-14T12:57:36 PST" time="0.016" errors="0">
  <testcase name="searchTest" time="0.006" classname="Day24TestNG.Annotation1"/>
  <system-out/>
  <testcase name="advSearchTest" time="0.007" classname="Day24TestNG.Annotation1"/>
  <system-out/>
  <testcase name="rechargeTest" time="0.003" classname="Day24TestNG.Annotation1"/>
  <system-out/>
</testsuite> <!-- Day24TestNG.Annotation1 -->
