<?xml version="1.0" encoding="UTF-8"?>
<!-- Generated by org.testng.reporters.JUnitReportReporter -->
<testsuite hostname="DESKTOP-4LJEO71" failures="0" tests="1" name="Day27TakeScreenshots.CaptureScreenshot" time="7.578" errors="0" timestamp="2020-11-12T17:00:07 PST" skipped="0">
  <testcase classname="Day27TakeScreenshots.CaptureScreenshot" name="screenShots" time="7.578"/>
  <system-out/>
</testsuite> <!-- Day27TakeScreenshots.CaptureScreenshot -->
