<?xml version="1.0" encoding="UTF-8"?>
<!-- Generated by org.testng.reporters.JUnitReportReporter -->
<testsuite skipped="0" hostname="DESKTOP-4LJEO71" name="Day25TestNG_Parameters.Parameterization" tests="3" failures="0" timestamp="2021-02-18T10:15:52 CST" time="1.504" errors="0">
  <testcase name="lauchingUrl" time="0.237" classname="Day25TestNG_Parameters.Parameterization"/>
  <system-out/>
  <testcase name="logoPresentTest" time="0.096" classname="Day25TestNG_Parameters.Parameterization"/>
  <system-out/>
  <testcase name="logintitleTest" time="1.171" classname="Day25TestNG_Parameters.Parameterization"/>
  <system-out/>
</testsuite> <!-- Day25TestNG_Parameters.Parameterization -->
