<?xml version="1.0" encoding="UTF-8"?>
<!-- Generated by org.testng.reporters.JUnitReportReporter -->
<testsuite skipped="0" hostname="DESKTOP-4LJEO71" name="Day24TestNG.DependencyTest" tests="6" failures="0" timestamp="2021-03-23T09:45:56 CDT" time="0.021" errors="0">
  <testcase name="openUrl" time="0.014" classname="Day24TestNG.DependencyTest"/>
  <system-out/>
  <testcase name="login" time="0.002" classname="Day24TestNG.DependencyTest"/>
  <system-out/>
  <testcase name="searchTest" time="0.001" classname="Day24TestNG.DependencyTest"/>
  <system-out/>
  <testcase name="advSearchTest" time="0.002" classname="Day24TestNG.DependencyTest"/>
  <system-out/>
  <testcase name="rechargeTest" time="0.001" classname="Day24TestNG.DependencyTest"/>
  <system-out/>
  <testcase name="logoutTest" time="0.001" classname="Day24TestNG.DependencyTest"/>
  <system-out/>
</testsuite> <!-- Day24TestNG.DependencyTest -->
