<?xml version="1.0" encoding="UTF-8"?>
<!-- Generated by org.testng.reporters.JUnitReportReporter -->
<testsuite skipped="0" hostname="DESKTOP-4LJEO71" name="Day23_TestNGSession.NopCommerceLoginTest" tests="3" failures="0" timestamp="2020-11-14T12:31:47 PST" time="16.482" errors="0">
  <testcase name="setUp" time="6.700" classname="Day23_TestNGSession.NopCommerceLoginTest"/>
  <system-out/>
  <testcase name="loginTest" time="9.075" classname="Day23_TestNGSession.NopCommerceLoginTest"/>
  <system-out/>
  <testcase name="tearDown" time="0.707" classname="Day23_TestNGSession.NopCommerceLoginTest"/>
  <system-out/>
</testsuite> <!-- Day23_TestNGSession.NopCommerceLoginTest -->
