<?xml version="1.0" encoding="UTF-8"?>
<!-- Generated by org.testng.reporters.JUnitReportReporter -->
<testsuite skipped="0" hostname="DESKTOP-4LJEO71" name="Grid.LoginTestInGrid" tests="2" failures="0" timestamp="2020-11-17T14:04:45 PST" time="7.529" errors="0">
  <testcase name="setUp" time="3.719" classname="Grid.LoginTestInGrid"/>
  <system-out/>
  <testcase name="login" time="3.810" classname="Grid.LoginTestInGrid"/>
  <system-out/>
</testsuite> <!-- Grid.LoginTestInGrid -->
