<?xml version="1.0" encoding="UTF-8"?>
<!-- Generated by org.testng.reporters.JUnitReportReporter -->
<testsuite hostname="DESKTOP-4LJEO71" failures="0" tests="2" name="pageobjectmodel.LoginTest" time="1.383" errors="0" timestamp="2020-11-12T18:57:29 PST" skipped="0">
  <testcase classname="pageobjectmodel.LoginTest" name="logoTestVerification" time="0.103"/>
  <system-out/>
  <testcase classname="pageobjectmodel.LoginTest" name="loginTestVerification" time="1.280"/>
  <system-out/>
</testsuite> <!-- pageobjectmodel.LoginTest -->
