<?xml version="1.0" encoding="UTF-8"?>
<!-- Generated by org.testng.reporters.JUnitReportReporter -->
<testsuite hostname="DESKTOP-4LJEO71" failures="0" tests="3" name="TestNGListener.Listener" time="4.915" errors="0" timestamp="2020-11-12T16:57:53 PST" skipped="0">
  <testcase classname="TestNGListener.Listener" name="adminNameTest" time="0.119"/>
  <system-out/>
  <testcase classname="TestNGListener.Listener" name="clickOnViewAllOrders" time="1.171"/>
  <system-out/>
  <testcase classname="TestNGListener.Listener" name="loginTest" time="3.625"/>
  <system-out/>
</testsuite> <!-- TestNGListener.Listener -->
