<?xml version="1.0" encoding="UTF-8"?>
<!-- Generated by org.testng.reporters.JUnitReportReporter -->
<testsuite skipped="0" hostname="DESKTOP-4LJEO71" name="Day24TestNG.pack1.Test1" tests="2" failures="0" timestamp="2021-01-27T16:04:56 CST" time="0.008" errors="0">
  <testcase name="m1" time="0.006" classname="Day24TestNG.pack1.Test1"/>
  <system-out/>
  <testcase name="m2" time="0.002" classname="Day24TestNG.pack1.Test1"/>
  <system-out/>
</testsuite> <!-- Day24TestNG.pack1.Test1 -->
